<?xml version="1.0" encoding="UTF-8" ?>
<testsuites errors="0"
            failures="1"
            tests="1">

  <testsuite name="testcases.testcase9"
    errors="0" failures="1" hostname="" id="" package="testcases" skipped="0"
    tests="1" time="27.60" timestamp="">
  
    <testcase name="test artsyjewels" classname="testcases.testcase9" time="27.60" assertions="1">  <failure message="Timed out while waiting for element &lt;body&gt; to be present for 1000 milliseconds. - expected [0;32m&#34;visible&#34;[0m but got: [0;31m&#34;not found&#34;[0m">    at Object.test artsyjewels (C:\Users\STU\newTestFramework\tests\testcases\testcase9.js:6:6)
    at process._tickCallback (internal/process/next_tick.js:68:7)</failure>

    <failure message="    at Object.test artsyjewels (C:\Users\STU\newTestFramework\tests\testcases\testcase9.js:6:6)">    at process._tickCallback (internal/process/next_tick.js:68:7)</failure>
    </testcase>
  

  

  
  </testsuite>
</testsuites>
